[2023-09-19T08:47:10.219-0300][gc] Using G1
[2023-09-19T08:47:10.228-0300][gc,init] Version: 17.0.6+9-LTS-190 (release)
[2023-09-19T08:47:10.228-0300][gc,init] CPUs: 8 total, 8 available
[2023-09-19T08:47:10.228-0300][gc,init] Memory: 15459M
[2023-09-19T08:47:10.228-0300][gc,init] Large Page Support: Disabled
[2023-09-19T08:47:10.228-0300][gc,init] NUMA Support: Disabled
[2023-09-19T08:47:10.228-0300][gc,init] Compressed Oops: Enabled (32-bit)
[2023-09-19T08:47:10.228-0300][gc,init] Heap Region Size: 1M
[2023-09-19T08:47:10.228-0300][gc,init] Heap Min Capacity: 1G
[2023-09-19T08:47:10.228-0300][gc,init] Heap Initial Capacity: 1G
[2023-09-19T08:47:10.228-0300][gc,init] Heap Max Capacity: 1G
[2023-09-19T08:47:10.228-0300][gc,init] Pre-touch: Disabled
[2023-09-19T08:47:10.228-0300][gc,init] Parallel Workers: 8
[2023-09-19T08:47:10.228-0300][gc,init] Concurrent Workers: 2
[2023-09-19T08:47:10.228-0300][gc,init] Concurrent Refinement Workers: 8
[2023-09-19T08:47:10.228-0300][gc,init] Periodic GC: Disabled
[2023-09-19T08:47:10.228-0300][gc,metaspace] CDS archive(s) mapped at: [0x0000000800000000-0x0000000800be3000-0x0000000800be3000), size 12464128, SharedBaseAddress: 0x0000000800000000, ArchiveRelocationMode: 0.
[2023-09-19T08:47:10.228-0300][gc,metaspace] Compressed class space mapped at: 0x0000000800c00000-0x0000000840c00000, reserved size: 1073741824
[2023-09-19T08:47:10.228-0300][gc,metaspace] Narrow klass base: 0x0000000800000000, Narrow klass shift: 0, Narrow klass range: 0x100000000
[2023-09-19T08:47:11.079-0300][gc,start    ] GC(0) Pause Young (Normal) (G1 Evacuation Pause)
[2023-09-19T08:47:11.080-0300][gc,task     ] GC(0) Using 8 workers of 8 for evacuation
[2023-09-19T08:47:11.084-0300][gc,phases   ] GC(0)   Pre Evacuate Collection Set: 0,1ms
[2023-09-19T08:47:11.084-0300][gc,phases   ] GC(0)   Merge Heap Roots: 0,0ms
[2023-09-19T08:47:11.084-0300][gc,phases   ] GC(0)   Evacuate Collection Set: 3,2ms
[2023-09-19T08:47:11.084-0300][gc,phases   ] GC(0)   Post Evacuate Collection Set: 0,5ms
[2023-09-19T08:47:11.084-0300][gc,phases   ] GC(0)   Other: 0,6ms
[2023-09-19T08:47:11.084-0300][gc,heap     ] GC(0) Eden regions: 51->0(44)
[2023-09-19T08:47:11.084-0300][gc,heap     ] GC(0) Survivor regions: 0->7(7)
[2023-09-19T08:47:11.084-0300][gc,heap     ] GC(0) Old regions: 0->1
[2023-09-19T08:47:11.084-0300][gc,heap     ] GC(0) Archive regions: 2->2
[2023-09-19T08:47:11.084-0300][gc,heap     ] GC(0) Humongous regions: 0->0
[2023-09-19T08:47:11.084-0300][gc,metaspace] GC(0) Metaspace: 18441K(18624K)->18441K(18624K) NonClass: 16259K(16320K)->16259K(16320K) Class: 2182K(2304K)->2182K(2304K)
[2023-09-19T08:47:11.084-0300][gc          ] GC(0) Pause Young (Normal) (G1 Evacuation Pause) 51M->8M(1024M) 4,470ms
[2023-09-19T08:47:11.084-0300][gc,cpu      ] GC(0) User=0,01s Sys=0,00s Real=0,01s
[2023-09-19T08:47:11.278-0300][gc,start    ] GC(1) Pause Young (Concurrent Start) (Metadata GC Threshold)
[2023-09-19T08:47:11.278-0300][gc,task     ] GC(1) Using 8 workers of 8 for evacuation
[2023-09-19T08:47:11.282-0300][gc,phases   ] GC(1)   Pre Evacuate Collection Set: 0,1ms
[2023-09-19T08:47:11.282-0300][gc,phases   ] GC(1)   Merge Heap Roots: 0,0ms
[2023-09-19T08:47:11.282-0300][gc,phases   ] GC(1)   Evacuate Collection Set: 2,7ms
[2023-09-19T08:47:11.282-0300][gc,phases   ] GC(1)   Post Evacuate Collection Set: 0,4ms
[2023-09-19T08:47:11.282-0300][gc,phases   ] GC(1)   Other: 0,1ms
[2023-09-19T08:47:11.282-0300][gc,heap     ] GC(1) Eden regions: 12->0(50)
[2023-09-19T08:47:11.282-0300][gc,heap     ] GC(1) Survivor regions: 7->1(7)
[2023-09-19T08:47:11.282-0300][gc,heap     ] GC(1) Old regions: 1->8
[2023-09-19T08:47:11.282-0300][gc,heap     ] GC(1) Archive regions: 2->2
[2023-09-19T08:47:11.282-0300][gc,heap     ] GC(1) Humongous regions: 0->0
[2023-09-19T08:47:11.282-0300][gc,metaspace] GC(1) Metaspace: 21303K(21504K)->21303K(21504K) NonClass: 18736K(18816K)->18736K(18816K) Class: 2566K(2688K)->2566K(2688K)
[2023-09-19T08:47:11.282-0300][gc          ] GC(1) Pause Young (Concurrent Start) (Metadata GC Threshold) 19M->9M(1024M) 3,446ms
[2023-09-19T08:47:11.282-0300][gc,cpu      ] GC(1) User=0,02s Sys=0,00s Real=0,00s
[2023-09-19T08:47:11.282-0300][gc          ] GC(2) Concurrent Mark Cycle
[2023-09-19T08:47:11.282-0300][gc,marking  ] GC(2) Concurrent Clear Claimed Marks
[2023-09-19T08:47:11.282-0300][gc,marking  ] GC(2) Concurrent Clear Claimed Marks 0,019ms
[2023-09-19T08:47:11.282-0300][gc,marking  ] GC(2) Concurrent Scan Root Regions
[2023-09-19T08:47:11.284-0300][gc,marking  ] GC(2) Concurrent Scan Root Regions 1,853ms
[2023-09-19T08:47:11.284-0300][gc,marking  ] GC(2) Concurrent Mark
[2023-09-19T08:47:11.284-0300][gc,marking  ] GC(2) Concurrent Mark From Roots
[2023-09-19T08:47:11.284-0300][gc,task     ] GC(2) Using 2 workers of 2 for marking
[2023-09-19T08:47:11.285-0300][gc,marking  ] GC(2) Concurrent Mark From Roots 1,035ms
[2023-09-19T08:47:11.285-0300][gc,marking  ] GC(2) Concurrent Preclean
[2023-09-19T08:47:11.285-0300][gc,marking  ] GC(2) Concurrent Preclean 0,045ms
[2023-09-19T08:47:11.285-0300][gc,start    ] GC(2) Pause Remark
[2023-09-19T08:47:11.286-0300][gc          ] GC(2) Pause Remark 9M->9M(1024M) 0,958ms
[2023-09-19T08:47:11.286-0300][gc,cpu      ] GC(2) User=0,01s Sys=0,00s Real=0,00s
[2023-09-19T08:47:11.286-0300][gc,marking  ] GC(2) Concurrent Mark 2,333ms
[2023-09-19T08:47:11.286-0300][gc,marking  ] GC(2) Concurrent Rebuild Remembered Sets
[2023-09-19T08:47:11.288-0300][gc,marking  ] GC(2) Concurrent Rebuild Remembered Sets 1,897ms
[2023-09-19T08:47:11.288-0300][gc,start    ] GC(2) Pause Cleanup
[2023-09-19T08:47:11.288-0300][gc          ] GC(2) Pause Cleanup 9M->9M(1024M) 0,138ms
[2023-09-19T08:47:11.288-0300][gc,cpu      ] GC(2) User=0,00s Sys=0,00s Real=0,00s
[2023-09-19T08:47:11.288-0300][gc,marking  ] GC(2) Concurrent Cleanup for Next Mark
[2023-09-19T08:47:11.292-0300][gc,marking  ] GC(2) Concurrent Cleanup for Next Mark 4,151ms
[2023-09-19T08:47:11.292-0300][gc          ] GC(2) Concurrent Mark Cycle 10,775ms
[2023-09-19T08:47:12.019-0300][gc,start    ] GC(3) Pause Young (Normal) (G1 Evacuation Pause)
[2023-09-19T08:47:12.019-0300][gc,task     ] GC(3) Using 8 workers of 8 for evacuation
[2023-09-19T08:47:12.023-0300][gc,phases   ] GC(3)   Pre Evacuate Collection Set: 0,1ms
[2023-09-19T08:47:12.023-0300][gc,phases   ] GC(3)   Merge Heap Roots: 0,1ms
[2023-09-19T08:47:12.023-0300][gc,phases   ] GC(3)   Evacuate Collection Set: 2,9ms
[2023-09-19T08:47:12.023-0300][gc,phases   ] GC(3)   Post Evacuate Collection Set: 0,3ms
[2023-09-19T08:47:12.023-0300][gc,phases   ] GC(3)   Other: 0,1ms
[2023-09-19T08:47:12.023-0300][gc,heap     ] GC(3) Eden regions: 50->0(45)
[2023-09-19T08:47:12.023-0300][gc,heap     ] GC(3) Survivor regions: 1->6(7)
[2023-09-19T08:47:12.023-0300][gc,heap     ] GC(3) Old regions: 8->8
[2023-09-19T08:47:12.023-0300][gc,heap     ] GC(3) Archive regions: 2->2
[2023-09-19T08:47:12.023-0300][gc,heap     ] GC(3) Humongous regions: 129->129
[2023-09-19T08:47:12.023-0300][gc,metaspace] GC(3) Metaspace: 31406K(31680K)->31406K(31680K) NonClass: 27885K(28032K)->27885K(28032K) Class: 3520K(3648K)->3520K(3648K)
[2023-09-19T08:47:12.023-0300][gc          ] GC(3) Pause Young (Normal) (G1 Evacuation Pause) 188M->142M(1024M) 3,542ms
[2023-09-19T08:47:12.023-0300][gc,cpu      ] GC(3) User=0,02s Sys=0,00s Real=0,01s
[2023-09-19T08:47:12.344-0300][gc,start    ] GC(4) Pause Young (Concurrent Start) (Metadata GC Threshold)
[2023-09-19T08:47:12.344-0300][gc,task     ] GC(4) Using 8 workers of 8 for evacuation
[2023-09-19T08:47:12.349-0300][gc,phases   ] GC(4)   Pre Evacuate Collection Set: 0,1ms
[2023-09-19T08:47:12.349-0300][gc,phases   ] GC(4)   Merge Heap Roots: 0,0ms
[2023-09-19T08:47:12.349-0300][gc,phases   ] GC(4)   Evacuate Collection Set: 4,4ms
[2023-09-19T08:47:12.349-0300][gc,phases   ] GC(4)   Post Evacuate Collection Set: 0,5ms
[2023-09-19T08:47:12.349-0300][gc,phases   ] GC(4)   Other: 0,2ms
[2023-09-19T08:47:12.349-0300][gc,heap     ] GC(4) Eden regions: 20->0(49)
[2023-09-19T08:47:12.349-0300][gc,heap     ] GC(4) Survivor regions: 6->2(7)
[2023-09-19T08:47:12.349-0300][gc,heap     ] GC(4) Old regions: 8->13
[2023-09-19T08:47:12.349-0300][gc,heap     ] GC(4) Archive regions: 2->2
[2023-09-19T08:47:12.349-0300][gc,heap     ] GC(4) Humongous regions: 129->129
[2023-09-19T08:47:12.349-0300][gc,metaspace] GC(4) Metaspace: 35661K(35968K)->35661K(35968K) NonClass: 31607K(31744K)->31607K(31744K) Class: 4054K(4224K)->4054K(4224K)
[2023-09-19T08:47:12.349-0300][gc          ] GC(4) Pause Young (Concurrent Start) (Metadata GC Threshold) 162M->144M(1024M) 5,399ms
[2023-09-19T08:47:12.349-0300][gc,cpu      ] GC(4) User=0,03s Sys=0,00s Real=0,00s
[2023-09-19T08:47:12.349-0300][gc          ] GC(5) Concurrent Mark Cycle
[2023-09-19T08:47:12.349-0300][gc,marking  ] GC(5) Concurrent Clear Claimed Marks
[2023-09-19T08:47:12.349-0300][gc,marking  ] GC(5) Concurrent Clear Claimed Marks 0,023ms
[2023-09-19T08:47:12.349-0300][gc,marking  ] GC(5) Concurrent Scan Root Regions
[2023-09-19T08:47:12.353-0300][gc,marking  ] GC(5) Concurrent Scan Root Regions 3,525ms
[2023-09-19T08:47:12.353-0300][gc,marking  ] GC(5) Concurrent Mark
[2023-09-19T08:47:12.353-0300][gc,marking  ] GC(5) Concurrent Mark From Roots
[2023-09-19T08:47:12.353-0300][gc,task     ] GC(5) Using 2 workers of 2 for marking
[2023-09-19T08:47:12.359-0300][gc,marking  ] GC(5) Concurrent Mark From Roots 6,261ms
[2023-09-19T08:47:12.359-0300][gc,marking  ] GC(5) Concurrent Preclean
[2023-09-19T08:47:12.359-0300][gc,marking  ] GC(5) Concurrent Preclean 0,110ms
[2023-09-19T08:47:12.359-0300][gc,start    ] GC(5) Pause Remark
[2023-09-19T08:47:12.361-0300][gc          ] GC(5) Pause Remark 144M->144M(1024M) 1,757ms
[2023-09-19T08:47:12.361-0300][gc,cpu      ] GC(5) User=0,01s Sys=0,00s Real=0,00s
[2023-09-19T08:47:12.361-0300][gc,marking  ] GC(5) Concurrent Mark 8,327ms
[2023-09-19T08:47:12.361-0300][gc,marking  ] GC(5) Concurrent Rebuild Remembered Sets
[2023-09-19T08:47:12.368-0300][gc,marking  ] GC(5) Concurrent Rebuild Remembered Sets 6,956ms
[2023-09-19T08:47:12.368-0300][gc,start    ] GC(5) Pause Cleanup
[2023-09-19T08:47:12.369-0300][gc          ] GC(5) Pause Cleanup 145M->145M(1024M) 0,194ms
[2023-09-19T08:47:12.369-0300][gc,cpu      ] GC(5) User=0,00s Sys=0,00s Real=0,00s
[2023-09-19T08:47:12.369-0300][gc,marking  ] GC(5) Concurrent Cleanup for Next Mark
[2023-09-19T08:47:12.375-0300][gc,marking  ] GC(5) Concurrent Cleanup for Next Mark 5,843ms
[2023-09-19T08:47:12.375-0300][gc          ] GC(5) Concurrent Mark Cycle 25,275ms
[2023-09-19T08:52:37.687-0300][gc,start    ] GC(6) Pause Young (Normal) (G1 Evacuation Pause)
[2023-09-19T08:52:37.687-0300][gc,task     ] GC(6) Using 8 workers of 8 for evacuation
[2023-09-19T08:52:37.692-0300][gc,phases   ] GC(6)   Pre Evacuate Collection Set: 0,1ms
[2023-09-19T08:52:37.692-0300][gc,phases   ] GC(6)   Merge Heap Roots: 0,3ms
[2023-09-19T08:52:37.692-0300][gc,phases   ] GC(6)   Evacuate Collection Set: 3,4ms
[2023-09-19T08:52:37.692-0300][gc,phases   ] GC(6)   Post Evacuate Collection Set: 0,8ms
[2023-09-19T08:52:37.692-0300][gc,phases   ] GC(6)   Other: 0,7ms
[2023-09-19T08:52:37.692-0300][gc,heap     ] GC(6) Eden regions: 49->0(45)
[2023-09-19T08:52:37.692-0300][gc,heap     ] GC(6) Survivor regions: 2->6(7)
[2023-09-19T08:52:37.692-0300][gc,heap     ] GC(6) Old regions: 13->13
[2023-09-19T08:52:37.692-0300][gc,heap     ] GC(6) Archive regions: 2->2
[2023-09-19T08:52:37.692-0300][gc,heap     ] GC(6) Humongous regions: 159->129
[2023-09-19T08:52:37.692-0300][gc,metaspace] GC(6) Metaspace: 40515K(41088K)->40515K(41088K) NonClass: 35755K(36096K)->35755K(36096K) Class: 4760K(4992K)->4760K(4992K)
[2023-09-19T08:52:37.692-0300][gc          ] GC(6) Pause Young (Normal) (G1 Evacuation Pause) 223M->148M(1024M) 5,213ms
[2023-09-19T08:52:37.692-0300][gc,cpu      ] GC(6) User=0,03s Sys=0,00s Real=0,01s
[2023-09-19T09:00:32.695-0300][gc,start    ] GC(7) Pause Young (Normal) (G1 Evacuation Pause)
[2023-09-19T09:00:32.695-0300][gc,task     ] GC(7) Using 8 workers of 8 for evacuation
[2023-09-19T09:00:32.700-0300][gc,phases   ] GC(7)   Pre Evacuate Collection Set: 0,3ms
[2023-09-19T09:00:32.701-0300][gc,phases   ] GC(7)   Merge Heap Roots: 0,1ms
[2023-09-19T09:00:32.701-0300][gc,phases   ] GC(7)   Evacuate Collection Set: 4,5ms
[2023-09-19T09:00:32.701-0300][gc,phases   ] GC(7)   Post Evacuate Collection Set: 0,8ms
[2023-09-19T09:00:32.701-0300][gc,phases   ] GC(7)   Other: 0,3ms
[2023-09-19T09:00:32.701-0300][gc,heap     ] GC(7) Eden regions: 45->0(48)
[2023-09-19T09:00:32.701-0300][gc,heap     ] GC(7) Survivor regions: 6->3(7)
[2023-09-19T09:00:32.701-0300][gc,heap     ] GC(7) Old regions: 13->16
[2023-09-19T09:00:32.701-0300][gc,heap     ] GC(7) Archive regions: 2->2
[2023-09-19T09:00:32.701-0300][gc,heap     ] GC(7) Humongous regions: 129->129
[2023-09-19T09:00:32.701-0300][gc,metaspace] GC(7) Metaspace: 40676K(41216K)->40676K(41216K) NonClass: 35896K(36224K)->35896K(36224K) Class: 4779K(4992K)->4779K(4992K)
[2023-09-19T09:00:32.701-0300][gc          ] GC(7) Pause Young (Normal) (G1 Evacuation Pause) 193M->148M(1024M) 5,978ms
[2023-09-19T09:00:32.701-0300][gc,cpu      ] GC(7) User=0,03s Sys=0,00s Real=0,00s
[2023-09-19T09:12:40.314-0300][gc,start    ] GC(8) Pause Young (Normal) (G1 Evacuation Pause)
[2023-09-19T09:12:40.315-0300][gc,task     ] GC(8) Using 8 workers of 8 for evacuation
[2023-09-19T09:12:40.320-0300][gc,phases   ] GC(8)   Pre Evacuate Collection Set: 0,2ms
[2023-09-19T09:12:40.320-0300][gc,phases   ] GC(8)   Merge Heap Roots: 0,1ms
[2023-09-19T09:12:40.320-0300][gc,phases   ] GC(8)   Evacuate Collection Set: 4,9ms
[2023-09-19T09:12:40.320-0300][gc,phases   ] GC(8)   Post Evacuate Collection Set: 0,5ms
[2023-09-19T09:12:40.320-0300][gc,phases   ] GC(8)   Other: 0,2ms
[2023-09-19T09:12:40.320-0300][gc,heap     ] GC(8) Eden regions: 48->0(45)
[2023-09-19T09:12:40.320-0300][gc,heap     ] GC(8) Survivor regions: 3->6(7)
[2023-09-19T09:12:40.321-0300][gc,heap     ] GC(8) Old regions: 16->16
[2023-09-19T09:12:40.321-0300][gc,heap     ] GC(8) Archive regions: 2->2
[2023-09-19T09:12:40.321-0300][gc,heap     ] GC(8) Humongous regions: 129->129
[2023-09-19T09:12:40.321-0300][gc,metaspace] GC(8) Metaspace: 41442K(42048K)->41442K(42048K) NonClass: 36506K(36864K)->36506K(36864K) Class: 4935K(5184K)->4935K(5184K)
[2023-09-19T09:12:40.321-0300][gc          ] GC(8) Pause Young (Normal) (G1 Evacuation Pause) 196M->150M(1024M) 6,061ms
[2023-09-19T09:12:40.321-0300][gc,cpu      ] GC(8) User=0,03s Sys=0,01s Real=0,00s
[2023-09-19T09:36:05.804-0300][gc,start    ] GC(9) Pause Young (Normal) (G1 Evacuation Pause)
[2023-09-19T09:36:05.804-0300][gc,task     ] GC(9) Using 8 workers of 8 for evacuation
[2023-09-19T09:36:05.807-0300][gc,phases   ] GC(9)   Pre Evacuate Collection Set: 0,1ms
[2023-09-19T09:36:05.807-0300][gc,phases   ] GC(9)   Merge Heap Roots: 0,0ms
[2023-09-19T09:36:05.807-0300][gc,phases   ] GC(9)   Evacuate Collection Set: 2,5ms
[2023-09-19T09:36:05.807-0300][gc,phases   ] GC(9)   Post Evacuate Collection Set: 0,3ms
[2023-09-19T09:36:05.807-0300][gc,phases   ] GC(9)   Other: 0,1ms
[2023-09-19T09:36:05.807-0300][gc,heap     ] GC(9) Eden regions: 45->0(71)
[2023-09-19T09:36:05.807-0300][gc,heap     ] GC(9) Survivor regions: 6->3(7)
[2023-09-19T09:36:05.807-0300][gc,heap     ] GC(9) Old regions: 16->20
[2023-09-19T09:36:05.807-0300][gc,heap     ] GC(9) Archive regions: 2->2
[2023-09-19T09:36:05.807-0300][gc,heap     ] GC(9) Humongous regions: 129->129
[2023-09-19T09:36:05.807-0300][gc,metaspace] GC(9) Metaspace: 41928K(42560K)->41928K(42560K) NonClass: 36916K(37312K)->36916K(37312K) Class: 5012K(5248K)->5012K(5248K)
[2023-09-19T09:36:05.807-0300][gc          ] GC(9) Pause Young (Normal) (G1 Evacuation Pause) 195M->151M(1024M) 3,107ms
[2023-09-19T09:36:05.807-0300][gc,cpu      ] GC(9) User=0,02s Sys=0,00s Real=0,00s
[2023-09-19T09:56:41.523-0300][gc,start    ] GC(10) Pause Young (Normal) (G1 Evacuation Pause)
[2023-09-19T09:56:41.523-0300][gc,task     ] GC(10) Using 8 workers of 8 for evacuation
[2023-09-19T09:56:41.533-0300][gc,phases   ] GC(10)   Pre Evacuate Collection Set: 0,3ms
[2023-09-19T09:56:41.533-0300][gc,phases   ] GC(10)   Merge Heap Roots: 0,1ms
[2023-09-19T09:56:41.533-0300][gc,phases   ] GC(10)   Evacuate Collection Set: 8,7ms
[2023-09-19T09:56:41.533-0300][gc,phases   ] GC(10)   Post Evacuate Collection Set: 0,9ms
[2023-09-19T09:56:41.533-0300][gc,phases   ] GC(10)   Other: 0,2ms
[2023-09-19T09:56:41.533-0300][gc,heap     ] GC(10) Eden regions: 68->0(45)
[2023-09-19T09:56:41.533-0300][gc,heap     ] GC(10) Survivor regions: 3->7(9)
[2023-09-19T09:56:41.533-0300][gc,heap     ] GC(10) Old regions: 20->20
[2023-09-19T09:56:41.533-0300][gc,heap     ] GC(10) Archive regions: 2->2
[2023-09-19T09:56:41.533-0300][gc,heap     ] GC(10) Humongous regions: 129->129
[2023-09-19T09:56:41.533-0300][gc,metaspace] GC(10) Metaspace: 42053K(42624K)->42053K(42624K) NonClass: 37034K(37376K)->37034K(37376K) Class: 5018K(5248K)->5018K(5248K)
[2023-09-19T09:56:41.533-0300][gc          ] GC(10) Pause Young (Normal) (G1 Evacuation Pause) 219M->156M(1024M) 10,395ms
[2023-09-19T09:56:41.533-0300][gc,cpu      ] GC(10) User=0,04s Sys=0,00s Real=0,01s
[2023-09-19T10:05:46.680-0300][gc,start    ] GC(11) Pause Young (Normal) (G1 Evacuation Pause)
[2023-09-19T10:05:46.680-0300][gc,task     ] GC(11) Using 8 workers of 8 for evacuation
[2023-09-19T10:05:46.686-0300][gc,phases   ] GC(11)   Pre Evacuate Collection Set: 0,1ms
[2023-09-19T10:05:46.686-0300][gc,phases   ] GC(11)   Merge Heap Roots: 0,0ms
[2023-09-19T10:05:46.686-0300][gc,phases   ] GC(11)   Evacuate Collection Set: 4,6ms
[2023-09-19T10:05:46.686-0300][gc,phases   ] GC(11)   Post Evacuate Collection Set: 0,3ms
[2023-09-19T10:05:46.686-0300][gc,phases   ] GC(11)   Other: 0,1ms
[2023-09-19T10:05:46.686-0300][gc,heap     ] GC(11) Eden regions: 44->0(111)
[2023-09-19T10:05:46.686-0300][gc,heap     ] GC(11) Survivor regions: 7->3(7)
[2023-09-19T10:05:46.686-0300][gc,heap     ] GC(11) Old regions: 20->25
[2023-09-19T10:05:46.686-0300][gc,heap     ] GC(11) Archive regions: 2->2
[2023-09-19T10:05:46.686-0300][gc,heap     ] GC(11) Humongous regions: 129->129
[2023-09-19T10:05:46.686-0300][gc,metaspace] GC(11) Metaspace: 42134K(42688K)->42134K(42688K) NonClass: 37113K(37440K)->37113K(37440K) Class: 5020K(5248K)->5020K(5248K)
[2023-09-19T10:05:46.686-0300][gc          ] GC(11) Pause Young (Normal) (G1 Evacuation Pause) 200M->156M(1024M) 5,359ms
[2023-09-19T10:05:46.686-0300][gc,cpu      ] GC(11) User=0,03s Sys=0,00s Real=0,01s
[2023-09-19T10:28:10.209-0300][gc,start    ] GC(12) Pause Young (Normal) (G1 Evacuation Pause)
[2023-09-19T10:28:10.209-0300][gc,task     ] GC(12) Using 8 workers of 8 for evacuation
[2023-09-19T10:28:10.215-0300][gc,phases   ] GC(12)   Pre Evacuate Collection Set: 0,1ms
[2023-09-19T10:28:10.215-0300][gc,phases   ] GC(12)   Merge Heap Roots: 0,1ms
[2023-09-19T10:28:10.215-0300][gc,phases   ] GC(12)   Evacuate Collection Set: 4,8ms
[2023-09-19T10:28:10.215-0300][gc,phases   ] GC(12)   Post Evacuate Collection Set: 0,3ms
[2023-09-19T10:28:10.215-0300][gc,phases   ] GC(12)   Other: 0,1ms
[2023-09-19T10:28:10.215-0300][gc,heap     ] GC(12) Eden regions: 111->0(106)
[2023-09-19T10:28:10.215-0300][gc,heap     ] GC(12) Survivor regions: 3->7(15)
[2023-09-19T10:28:10.215-0300][gc,heap     ] GC(12) Old regions: 25->25
[2023-09-19T10:28:10.215-0300][gc,heap     ] GC(12) Archive regions: 2->2
[2023-09-19T10:28:10.215-0300][gc,heap     ] GC(12) Humongous regions: 129->129
[2023-09-19T10:28:10.215-0300][gc,metaspace] GC(12) Metaspace: 42167K(42752K)->42167K(42752K) NonClass: 37147K(37504K)->37147K(37504K) Class: 5020K(5248K)->5020K(5248K)
[2023-09-19T10:28:10.215-0300][gc          ] GC(12) Pause Young (Normal) (G1 Evacuation Pause) 267M->161M(1024M) 5,452ms
[2023-09-19T10:28:10.215-0300][gc,cpu      ] GC(12) User=0,03s Sys=0,00s Real=0,01s
[2023-09-19T10:49:03.897-0300][gc,start    ] GC(13) Pause Young (Normal) (G1 Evacuation Pause)
[2023-09-19T10:49:03.898-0300][gc,task     ] GC(13) Using 8 workers of 8 for evacuation
[2023-09-19T10:49:03.905-0300][gc,phases   ] GC(13)   Pre Evacuate Collection Set: 0,2ms
[2023-09-19T10:49:03.905-0300][gc,phases   ] GC(13)   Merge Heap Roots: 0,1ms
[2023-09-19T10:49:03.905-0300][gc,phases   ] GC(13)   Evacuate Collection Set: 7,0ms
[2023-09-19T10:49:03.905-0300][gc,phases   ] GC(13)   Post Evacuate Collection Set: 0,3ms
[2023-09-19T10:49:03.905-0300][gc,phases   ] GC(13)   Other: 0,6ms
[2023-09-19T10:49:03.905-0300][gc,heap     ] GC(13) Eden regions: 106->0(129)
[2023-09-19T10:49:03.905-0300][gc,heap     ] GC(13) Survivor regions: 7->13(15)
[2023-09-19T10:49:03.905-0300][gc,heap     ] GC(13) Old regions: 25->25
[2023-09-19T10:49:03.905-0300][gc,heap     ] GC(13) Archive regions: 2->2
[2023-09-19T10:49:03.905-0300][gc,heap     ] GC(13) Humongous regions: 129->129
[2023-09-19T10:49:03.905-0300][gc,metaspace] GC(13) Metaspace: 42183K(42752K)->42183K(42752K) NonClass: 37162K(37504K)->37162K(37504K) Class: 5020K(5248K)->5020K(5248K)
[2023-09-19T10:49:03.905-0300][gc          ] GC(13) Pause Young (Normal) (G1 Evacuation Pause) 267M->166M(1024M) 8,172ms
[2023-09-19T10:49:03.905-0300][gc,cpu      ] GC(13) User=0,05s Sys=0,00s Real=0,01s
[2023-09-19T11:15:17.694-0300][gc,start    ] GC(14) Pause Young (Normal) (G1 Evacuation Pause)
[2023-09-19T11:15:17.694-0300][gc,task     ] GC(14) Using 8 workers of 8 for evacuation
[2023-09-19T11:15:17.700-0300][gc,phases   ] GC(14)   Pre Evacuate Collection Set: 0,2ms
[2023-09-19T11:15:17.700-0300][gc,phases   ] GC(14)   Merge Heap Roots: 0,0ms
[2023-09-19T11:15:17.700-0300][gc,phases   ] GC(14)   Evacuate Collection Set: 5,0ms
[2023-09-19T11:15:17.700-0300][gc,phases   ] GC(14)   Post Evacuate Collection Set: 0,3ms
[2023-09-19T11:15:17.700-0300][gc,phases   ] GC(14)   Other: 0,2ms
[2023-09-19T11:15:17.700-0300][gc,heap     ] GC(14) Eden regions: 129->0(607)
[2023-09-19T11:15:17.700-0300][gc,heap     ] GC(14) Survivor regions: 13->7(18)
[2023-09-19T11:15:17.700-0300][gc,heap     ] GC(14) Old regions: 25->29
[2023-09-19T11:15:17.700-0300][gc,heap     ] GC(14) Archive regions: 2->2
[2023-09-19T11:15:17.700-0300][gc,heap     ] GC(14) Humongous regions: 129->129
[2023-09-19T11:15:17.700-0300][gc,metaspace] GC(14) Metaspace: 42202K(42816K)->42202K(42816K) NonClass: 37181K(37568K)->37181K(37568K) Class: 5020K(5248K)->5020K(5248K)
[2023-09-19T11:15:17.700-0300][gc          ] GC(14) Pause Young (Normal) (G1 Evacuation Pause) 295M->165M(1024M) 5,793ms
[2023-09-19T11:15:17.700-0300][gc,cpu      ] GC(14) User=0,04s Sys=0,00s Real=0,00s
[2023-09-19T12:45:48.269-0300][gc,start    ] GC(15) Pause Young (Normal) (G1 Evacuation Pause)
[2023-09-19T12:45:48.269-0300][gc,task     ] GC(15) Using 8 workers of 8 for evacuation
[2023-09-19T12:45:48.274-0300][gc,phases   ] GC(15)   Pre Evacuate Collection Set: 0,1ms
[2023-09-19T12:45:48.274-0300][gc,phases   ] GC(15)   Merge Heap Roots: 0,1ms
[2023-09-19T12:45:48.274-0300][gc,phases   ] GC(15)   Evacuate Collection Set: 3,2ms
[2023-09-19T12:45:48.274-0300][gc,phases   ] GC(15)   Post Evacuate Collection Set: 0,7ms
[2023-09-19T12:45:48.274-0300][gc,phases   ] GC(15)   Other: 0,2ms
[2023-09-19T12:45:48.274-0300][gc,heap     ] GC(15) Eden regions: 607->0(607)
[2023-09-19T12:45:48.274-0300][gc,heap     ] GC(15) Survivor regions: 7->7(77)
[2023-09-19T12:45:48.274-0300][gc,heap     ] GC(15) Old regions: 29->29
[2023-09-19T12:45:48.274-0300][gc,heap     ] GC(15) Archive regions: 2->2
[2023-09-19T12:45:48.274-0300][gc,heap     ] GC(15) Humongous regions: 129->129
[2023-09-19T12:45:48.274-0300][gc,metaspace] GC(15) Metaspace: 42278K(42816K)->42278K(42816K) NonClass: 37256K(37568K)->37256K(37568K) Class: 5021K(5248K)->5021K(5248K)
[2023-09-19T12:45:48.274-0300][gc          ] GC(15) Pause Young (Normal) (G1 Evacuation Pause) 772M->165M(1024M) 4,321ms
[2023-09-19T12:45:48.274-0300][gc,cpu      ] GC(15) User=0,02s Sys=0,01s Real=0,01s
[2023-09-19T14:15:26.577-0300][gc,start    ] GC(16) Pause Young (Normal) (G1 Evacuation Pause)
[2023-09-19T14:15:26.579-0300][gc,task     ] GC(16) Using 8 workers of 8 for evacuation
[2023-09-19T14:15:26.595-0300][gc,phases   ] GC(16)   Pre Evacuate Collection Set: 0,1ms
[2023-09-19T14:15:26.595-0300][gc,phases   ] GC(16)   Merge Heap Roots: 0,2ms
[2023-09-19T14:15:26.595-0300][gc,phases   ] GC(16)   Evacuate Collection Set: 5,1ms
[2023-09-19T14:15:26.595-0300][gc,phases   ] GC(16)   Post Evacuate Collection Set: 10,5ms
[2023-09-19T14:15:26.595-0300][gc,phases   ] GC(16)   Other: 1,9ms
[2023-09-19T14:15:26.595-0300][gc,heap     ] GC(16) Eden regions: 607->0(606)
[2023-09-19T14:15:26.595-0300][gc,heap     ] GC(16) Survivor regions: 7->8(77)
[2023-09-19T14:15:26.595-0300][gc,heap     ] GC(16) Old regions: 29->29
[2023-09-19T14:15:26.595-0300][gc,heap     ] GC(16) Archive regions: 2->2
[2023-09-19T14:15:26.595-0300][gc,heap     ] GC(16) Humongous regions: 129->129
[2023-09-19T14:15:26.595-0300][gc,metaspace] GC(16) Metaspace: 42308K(42880K)->42308K(42880K) NonClass: 37286K(37632K)->37286K(37632K) Class: 5021K(5248K)->5021K(5248K)
[2023-09-19T14:15:26.595-0300][gc          ] GC(16) Pause Young (Normal) (G1 Evacuation Pause) 772M->165M(1024M) 17,811ms
[2023-09-19T14:15:26.595-0300][gc,cpu      ] GC(16) User=0,03s Sys=0,00s Real=0,02s
[2023-09-19T15:45:07.694-0300][gc,start    ] GC(17) Pause Young (Normal) (G1 Evacuation Pause)
[2023-09-19T15:45:07.694-0300][gc,task     ] GC(17) Using 8 workers of 8 for evacuation
[2023-09-19T15:45:07.699-0300][gc,phases   ] GC(17)   Pre Evacuate Collection Set: 0,1ms
[2023-09-19T15:45:07.699-0300][gc,phases   ] GC(17)   Merge Heap Roots: 0,3ms
[2023-09-19T15:45:07.699-0300][gc,phases   ] GC(17)   Evacuate Collection Set: 3,5ms
[2023-09-19T15:45:07.699-0300][gc,phases   ] GC(17)   Post Evacuate Collection Set: 1,1ms
[2023-09-19T15:45:07.699-0300][gc,phases   ] GC(17)   Other: 0,6ms
[2023-09-19T15:45:07.699-0300][gc,heap     ] GC(17) Eden regions: 606->0(606)
[2023-09-19T15:45:07.699-0300][gc,heap     ] GC(17) Survivor regions: 8->8(77)
[2023-09-19T15:45:07.699-0300][gc,heap     ] GC(17) Old regions: 29->29
[2023-09-19T15:45:07.699-0300][gc,heap     ] GC(17) Archive regions: 2->2
[2023-09-19T15:45:07.699-0300][gc,heap     ] GC(17) Humongous regions: 129->129
[2023-09-19T15:45:07.699-0300][gc,metaspace] GC(17) Metaspace: 42397K(43008K)->42397K(43008K) NonClass: 37375K(37760K)->37375K(37760K) Class: 5021K(5248K)->5021K(5248K)
[2023-09-19T15:45:07.700-0300][gc          ] GC(17) Pause Young (Normal) (G1 Evacuation Pause) 771M->166M(1024M) 5,685ms
[2023-09-19T15:45:07.700-0300][gc,cpu      ] GC(17) User=0,03s Sys=0,00s Real=0,00s
[2023-09-19T17:14:22.694-0300][gc,start    ] GC(18) Pause Young (Normal) (G1 Evacuation Pause)
[2023-09-19T17:14:22.696-0300][gc,task     ] GC(18) Using 8 workers of 8 for evacuation
[2023-09-19T17:14:22.702-0300][gc,phases   ] GC(18)   Pre Evacuate Collection Set: 0,1ms
[2023-09-19T17:14:22.702-0300][gc,phases   ] GC(18)   Merge Heap Roots: 0,1ms
[2023-09-19T17:14:22.702-0300][gc,phases   ] GC(18)   Evacuate Collection Set: 4,1ms
[2023-09-19T17:14:22.702-0300][gc,phases   ] GC(18)   Post Evacuate Collection Set: 1,2ms
[2023-09-19T17:14:22.702-0300][gc,phases   ] GC(18)   Other: 1,9ms
[2023-09-19T17:14:22.702-0300][gc,heap     ] GC(18) Eden regions: 606->0(605)
[2023-09-19T17:14:22.702-0300][gc,heap     ] GC(18) Survivor regions: 8->9(77)
[2023-09-19T17:14:22.702-0300][gc,heap     ] GC(18) Old regions: 29->29
[2023-09-19T17:14:22.702-0300][gc,heap     ] GC(18) Archive regions: 2->2
[2023-09-19T17:14:22.702-0300][gc,heap     ] GC(18) Humongous regions: 129->129
[2023-09-19T17:14:22.702-0300][gc,metaspace] GC(18) Metaspace: 42426K(43008K)->42426K(43008K) NonClass: 37404K(37760K)->37404K(37760K) Class: 5021K(5248K)->5021K(5248K)
[2023-09-19T17:14:22.702-0300][gc          ] GC(18) Pause Young (Normal) (G1 Evacuation Pause) 772M->166M(1024M) 7,600ms
[2023-09-19T17:14:22.702-0300][gc,cpu      ] GC(18) User=0,03s Sys=0,00s Real=0,00s
